<?xml version="1.0" encoding="UTF-8"?>
<testng-results ignored="0" total="1" passed="1" failed="0" skipped="0">
  <reporter-output>
  </reporter-output>
  <suite started-at="2021-10-21T00:04:47 IST" name="Default suite" finished-at="2021-10-21T00:04:55 IST" duration-ms="8786">
    <groups>
    </groups>
    <test started-at="2021-10-21T00:04:47 IST" name="Default test" finished-at="2021-10-21T00:04:55 IST" duration-ms="8786">
      <class name="demo2.MyntraClass">
        <test-method signature="clockUrl()[pri:0, instance:demo2.MyntraClass@670002]" started-at="2021-10-21T00:04:47 IST" name="clockUrl" finished-at="2021-10-21T00:04:55 IST" duration-ms="8747" status="PASS">
          <reporter-output>
          </reporter-output>
        </test-method> <!-- clockUrl -->
      </class> <!-- demo2.MyntraClass -->
    </test> <!-- Default test -->
  </suite> <!-- Default suite -->
</testng-results>
